\BOOKMARK [1][-]{section.1}{General Information}{}% 1
\BOOKMARK [1][-]{section.2}{Model and implementation}{}% 2
\BOOKMARK [2][-]{subsection.2.1}{Survival Estimates Given the Changepoints in the Failure Rate}{section.2}% 3
\BOOKMARK [2][-]{subsection.2.2}{Three Components for Determining the Significant Changepoints}{section.2}% 4
\BOOKMARK [2][-]{subsection.2.3}{Computation of the Critical Value \040}{section.2}% 5
\BOOKMARK [2][-]{subsection.2.4}{Testing Exponentiality}{section.2}% 6
\BOOKMARK [1][-]{section.3}{Job Files and Inputs/Outputs}{}% 7
\BOOKMARK [2][-]{subsection.3.1}{RPEXE in MATLAB}{section.3}% 8
\BOOKMARK [3][-]{subsubsection.3.1.1}{MATLAB Files}{subsection.3.1}% 9
\BOOKMARK [3][-]{subsubsection.3.1.2}{Inputs and Outputs}{subsection.3.1}% 10
\BOOKMARK [2][-]{subsection.3.2}{RPEXE in R}{section.3}% 11
\BOOKMARK [3][-]{subsubsection.3.2.1}{R Functions}{subsection.3.2}% 12
\BOOKMARK [3][-]{subsubsection.3.2.2}{Inputs and Outputs}{subsection.3.2}% 13
\BOOKMARK [2][-]{subsection.3.3}{Future Work Topics}{section.3}% 14
\BOOKMARK [1][-]{section.4}{A Non-small-cell Lung Cancer Example}{}% 15
\BOOKMARK [2][-]{subsection.4.1}{RPEXE in MATLAB}{section.4}% 16
\BOOKMARK [3][-]{subsubsection.4.1.1}{Loading Data and Specifying Work Directory}{subsection.4.1}% 17
\BOOKMARK [3][-]{subsubsection.4.1.2}{Run RPEXE with Decreasing and Monotonic Failure Rate Assumptions}{subsection.4.1}% 18
\BOOKMARK [3][-]{subsubsection.4.1.3}{Results}{subsection.4.1}% 19
\BOOKMARK [2][-]{subsection.4.2}{RPEXE in R}{section.4}% 20
\BOOKMARK [3][-]{subsubsection.4.2.1}{Loading Data and Specifying Work Directory}{subsection.4.2}% 21
\BOOKMARK [3][-]{subsubsection.4.2.2}{Run RPEXE with Decreasing and Monotonic Failure Rate Assumptions}{subsection.4.2}% 22
\BOOKMARK [3][-]{subsubsection.4.2.3}{Results}{subsection.4.2}% 23
